{"/Users/danch/Documents/04_hackreactor/Dinder/spec/connections.js":{"path":"/Users/danch/Documents/04_hackreactor/Dinder/spec/connections.js","s":{"1":1,"2":1,"3":1,"4":1,"5":1,"6":1,"7":1,"8":1,"9":1,"10":1,"11":1,"12":0,"13":1,"14":1,"15":1,"16":1,"17":1,"18":0,"19":1,"20":1,"21":1,"22":1,"23":1,"24":1,"25":1,"26":0},"b":{"1":[1,0],"2":[0,1],"3":[0,1]},"f":{"1":1,"2":1,"3":1,"4":1,"5":1,"6":1,"7":1,"8":1,"9":1,"10":0},"fnMap":{"1":{"name":"(anonymous_1)","line":8,"loc":{"start":{"line":8,"column":23},"end":{"line":8,"column":35}}},"2":{"name":"(anonymous_2)","line":9,"loc":{"start":{"line":9,"column":9},"end":{"line":9,"column":21}}},"3":{"name":"(anonymous_3)","line":18,"loc":{"start":{"line":18,"column":39},"end":{"line":18,"column":55}}},"4":{"name":"(anonymous_4)","line":19,"loc":{"start":{"line":19,"column":17},"end":{"line":19,"column":43}}},"5":{"name":"(anonymous_5)","line":28,"loc":{"start":{"line":28,"column":39},"end":{"line":28,"column":55}}},"6":{"name":"(anonymous_6)","line":29,"loc":{"start":{"line":29,"column":17},"end":{"line":29,"column":43}}},"7":{"name":"(anonymous_7)","line":40,"loc":{"start":{"line":40,"column":32},"end":{"line":40,"column":44}}},"8":{"name":"(anonymous_8)","line":41,"loc":{"start":{"line":41,"column":28},"end":{"line":41,"column":44}}},"9":{"name":"(anonymous_9)","line":43,"loc":{"start":{"line":43,"column":10},"end":{"line":43,"column":22}}},"10":{"name":"(anonymous_10)","line":46,"loc":{"start":{"line":46,"column":11},"end":{"line":46,"column":26}}}},"statementMap":{"1":{"start":{"line":1,"column":0},"end":{"line":1,"column":33}},"2":{"start":{"line":2,"column":0},"end":{"line":2,"column":36}},"3":{"start":{"line":3,"column":0},"end":{"line":3,"column":37}},"4":{"start":{"line":4,"column":0},"end":{"line":4,"column":59}},"5":{"start":{"line":6,"column":0},"end":{"line":6,"column":8}},"6":{"start":{"line":8,"column":0},"end":{"line":38,"column":3}},"7":{"start":{"line":9,"column":2},"end":{"line":16,"column":5}},"8":{"start":{"line":10,"column":4},"end":{"line":15,"column":14}},"9":{"start":{"line":18,"column":2},"end":{"line":26,"column":5}},"10":{"start":{"line":19,"column":4},"end":{"line":25,"column":7}},"11":{"start":{"line":20,"column":6},"end":{"line":22,"column":7}},"12":{"start":{"line":21,"column":8},"end":{"line":21,"column":18}},"13":{"start":{"line":23,"column":6},"end":{"line":23,"column":28}},"14":{"start":{"line":24,"column":6},"end":{"line":24,"column":13}},"15":{"start":{"line":28,"column":2},"end":{"line":37,"column":5}},"16":{"start":{"line":29,"column":4},"end":{"line":36,"column":7}},"17":{"start":{"line":30,"column":6},"end":{"line":32,"column":7}},"18":{"start":{"line":31,"column":8},"end":{"line":31,"column":18}},"19":{"start":{"line":33,"column":6},"end":{"line":33,"column":37}},"20":{"start":{"line":34,"column":6},"end":{"line":34,"column":40}},"21":{"start":{"line":35,"column":6},"end":{"line":35,"column":13}},"22":{"start":{"line":40,"column":0},"end":{"line":50,"column":3}},"23":{"start":{"line":41,"column":2},"end":{"line":49,"column":5}},"24":{"start":{"line":42,"column":4},"end":{"line":48,"column":7}},"25":{"start":{"line":44,"column":6},"end":{"line":44,"column":13}},"26":{"start":{"line":47,"column":6},"end":{"line":47,"column":16}}},"branchMap":{"1":{"line":10,"type":"cond-expr","locations":[{"start":{"line":11,"column":10},"end":{"line":11,"column":28}},{"start":{"line":12,"column":10},"end":{"line":12,"column":24}}]},"2":{"line":20,"type":"if","locations":[{"start":{"line":20,"column":6},"end":{"line":20,"column":6}},{"start":{"line":20,"column":6},"end":{"line":20,"column":6}}]},"3":{"line":30,"type":"if","locations":[{"start":{"line":30,"column":6},"end":{"line":30,"column":6}},{"start":{"line":30,"column":6},"end":{"line":30,"column":6}}]}}},"/Users/danch/Documents/04_hackreactor/Dinder/config.js":{"path":"/Users/danch/Documents/04_hackreactor/Dinder/config.js","s":{"1":1,"2":1,"3":1,"4":1,"5":1,"6":1},"b":{"1":[1,0],"2":[1,1],"3":[1,1],"4":[1,1],"5":[1,1],"6":[1,1],"7":[1,1],"8":[1,1],"9":[1,1],"10":[1,1],"11":[1,1],"12":[1,1],"13":[1,1]},"f":{},"fnMap":{},"statementMap":{"1":{"start":{"line":1,"column":0},"end":{"line":1,"column":12}},"2":{"start":{"line":3,"column":0},"end":{"line":5,"column":1}},"3":{"start":{"line":4,"column":2},"end":{"line":4,"column":38}},"4":{"start":{"line":7,"column":0},"end":{"line":7,"column":48}},"5":{"start":{"line":8,"column":0},"end":{"line":8,"column":53}},"6":{"start":{"line":10,"column":0},"end":{"line":31,"column":2}}},"branchMap":{"1":{"line":3,"type":"if","locations":[{"start":{"line":3,"column":0},"end":{"line":3,"column":0}},{"start":{"line":3,"column":0},"end":{"line":3,"column":0}}]},"2":{"line":18,"type":"binary-expr","locations":[{"start":{"line":18,"column":15},"end":{"line":18,"column":38}},{"start":{"line":18,"column":42},"end":{"line":18,"column":61}}]},"3":{"line":19,"type":"binary-expr","locations":[{"start":{"line":19,"column":15},"end":{"line":19,"column":38}},{"start":{"line":19,"column":42},"end":{"line":19,"column":61}}]},"4":{"line":20,"type":"binary-expr","locations":[{"start":{"line":20,"column":11},"end":{"line":20,"column":30}},{"start":{"line":20,"column":34},"end":{"line":20,"column":49}}]},"5":{"line":22,"type":"binary-expr","locations":[{"start":{"line":22,"column":19},"end":{"line":22,"column":46}},{"start":{"line":22,"column":50},"end":{"line":22,"column":73}}]},"6":{"line":23,"type":"binary-expr","locations":[{"start":{"line":23,"column":19},"end":{"line":23,"column":46}},{"start":{"line":23,"column":50},"end":{"line":23,"column":73}}]},"7":{"line":24,"type":"binary-expr","locations":[{"start":{"line":24,"column":18},"end":{"line":24,"column":44}},{"start":{"line":24,"column":48},"end":{"line":24,"column":70}}]},"8":{"line":25,"type":"binary-expr","locations":[{"start":{"line":25,"column":13},"end":{"line":25,"column":34}},{"start":{"line":25,"column":38},"end":{"line":25,"column":55}}]},"9":{"line":26,"type":"binary-expr","locations":[{"start":{"line":26,"column":17},"end":{"line":26,"column":42}},{"start":{"line":26,"column":46},"end":{"line":26,"column":67}}]},"10":{"line":27,"type":"binary-expr","locations":[{"start":{"line":27,"column":17},"end":{"line":27,"column":42}},{"start":{"line":27,"column":46},"end":{"line":27,"column":67}}]},"11":{"line":28,"type":"binary-expr","locations":[{"start":{"line":28,"column":13},"end":{"line":28,"column":34}},{"start":{"line":28,"column":38},"end":{"line":28,"column":55}}]},"12":{"line":29,"type":"binary-expr","locations":[{"start":{"line":29,"column":14},"end":{"line":29,"column":36}},{"start":{"line":29,"column":40},"end":{"line":29,"column":58}}]},"13":{"line":30,"type":"binary-expr","locations":[{"start":{"line":30,"column":12},"end":{"line":30,"column":32}},{"start":{"line":30,"column":36},"end":{"line":30,"column":52}}]}}},"/Users/danch/Documents/04_hackreactor/Dinder/server/database/database.js":{"path":"/Users/danch/Documents/04_hackreactor/Dinder/server/database/database.js","s":{"1":1,"2":1,"3":1,"4":1},"b":{},"f":{},"fnMap":{},"statementMap":{"1":{"start":{"line":1,"column":0},"end":{"line":1,"column":37}},"2":{"start":{"line":2,"column":0},"end":{"line":2,"column":40}},"3":{"start":{"line":4,"column":0},"end":{"line":12,"column":3}},"4":{"start":{"line":24,"column":0},"end":{"line":24,"column":28}}},"branchMap":{}},"/Users/danch/Documents/04_hackreactor/Dinder/spec/handlers.js":{"path":"/Users/danch/Documents/04_hackreactor/Dinder/spec/handlers.js","s":{"1":1,"2":1,"3":1,"4":1,"5":1,"6":1,"7":1,"8":1,"9":1,"10":1,"11":1,"12":1,"13":1,"14":1,"15":1,"16":1,"17":1,"18":2,"19":2,"20":2,"21":0,"22":2,"23":2,"24":1,"25":0,"26":1,"27":1,"28":1,"29":0,"30":1,"31":2,"32":2,"33":2,"34":2,"35":1,"36":0,"37":1,"38":1,"39":1,"40":0,"41":1,"42":1,"43":1,"44":1,"45":1,"46":1,"47":1,"48":1,"49":1,"50":0,"51":1,"52":1,"53":1,"54":1,"55":1,"56":1,"57":1,"58":1,"59":0,"60":1,"61":1,"62":1,"63":1,"64":1,"65":1,"66":0,"67":1,"68":1,"69":1,"70":1,"71":0,"72":1,"73":1,"74":1,"75":0},"b":{"1":[1,0],"2":[2,0],"3":[1,1],"4":[2,0],"5":[1,1],"6":[0,1],"7":[0,1],"8":[0,1],"9":[0,1]},"f":{"1":1,"2":1,"3":2,"4":2,"5":2,"6":0,"7":1,"8":1,"9":0,"10":2,"11":2,"12":2,"13":0,"14":1,"15":1,"16":1,"17":1,"18":1,"19":1,"20":1,"21":1,"22":0,"23":1,"24":1,"25":1,"26":0},"fnMap":{"1":{"name":"(anonymous_1)","line":41,"loc":{"start":{"line":41,"column":30},"end":{"line":41,"column":42}}},"2":{"name":"(anonymous_2)","line":43,"loc":{"start":{"line":43,"column":9},"end":{"line":43,"column":31}}},"3":{"name":"(anonymous_3)","line":52,"loc":{"start":{"line":52,"column":19},"end":{"line":52,"column":35}}},"4":{"name":"(anonymous_4)","line":56,"loc":{"start":{"line":56,"column":12},"end":{"line":56,"column":30}}},"5":{"name":"(anonymous_5)","line":63,"loc":{"start":{"line":63,"column":12},"end":{"line":63,"column":32}}},"6":{"name":"(anonymous_6)","line":69,"loc":{"start":{"line":69,"column":13},"end":{"line":69,"column":28}}},"7":{"name":"(anonymous_7)","line":75,"loc":{"start":{"line":75,"column":8},"end":{"line":75,"column":24}}},"8":{"name":"(anonymous_8)","line":81,"loc":{"start":{"line":81,"column":10},"end":{"line":81,"column":26}}},"9":{"name":"(anonymous_9)","line":84,"loc":{"start":{"line":84,"column":11},"end":{"line":84,"column":26}}},"10":{"name":"(anonymous_10)","line":88,"loc":{"start":{"line":88,"column":19},"end":{"line":88,"column":35}}},"11":{"name":"(anonymous_11)","line":92,"loc":{"start":{"line":92,"column":12},"end":{"line":92,"column":30}}},"12":{"name":"(anonymous_12)","line":97,"loc":{"start":{"line":97,"column":12},"end":{"line":97,"column":24}}},"13":{"name":"(anonymous_13)","line":102,"loc":{"start":{"line":102,"column":13},"end":{"line":102,"column":28}}},"14":{"name":"(anonymous_14)","line":108,"loc":{"start":{"line":108,"column":52},"end":{"line":108,"column":68}}},"15":{"name":"(anonymous_15)","line":119,"loc":{"start":{"line":119,"column":7},"end":{"line":119,"column":33}}},"16":{"name":"(anonymous_16)","line":133,"loc":{"start":{"line":133,"column":64},"end":{"line":133,"column":80}}},"17":{"name":"(anonymous_17)","line":144,"loc":{"start":{"line":144,"column":7},"end":{"line":144,"column":33}}},"18":{"name":"(anonymous_18)","line":156,"loc":{"start":{"line":156,"column":53},"end":{"line":156,"column":69}}},"19":{"name":"(anonymous_19)","line":167,"loc":{"start":{"line":167,"column":7},"end":{"line":167,"column":33}}},"20":{"name":"(anonymous_20)","line":176,"loc":{"start":{"line":176,"column":55},"end":{"line":176,"column":71}}},"21":{"name":"(anonymous_21)","line":183,"loc":{"start":{"line":183,"column":10},"end":{"line":183,"column":28}}},"22":{"name":"(anonymous_22)","line":187,"loc":{"start":{"line":187,"column":11},"end":{"line":187,"column":26}}},"23":{"name":"(anonymous_23)","line":192,"loc":{"start":{"line":192,"column":38},"end":{"line":192,"column":54}}},"24":{"name":"(anonymous_24)","line":203,"loc":{"start":{"line":203,"column":7},"end":{"line":203,"column":33}}},"25":{"name":"(anonymous_25)","line":212,"loc":{"start":{"line":212,"column":12},"end":{"line":212,"column":30}}},"26":{"name":"(anonymous_26)","line":216,"loc":{"start":{"line":216,"column":13},"end":{"line":216,"column":28}}}},"statementMap":{"1":{"start":{"line":1,"column":0},"end":{"line":1,"column":33}},"2":{"start":{"line":2,"column":0},"end":{"line":2,"column":36}},"3":{"start":{"line":3,"column":0},"end":{"line":3,"column":37}},"4":{"start":{"line":4,"column":0},"end":{"line":4,"column":59}},"5":{"start":{"line":5,"column":0},"end":{"line":5,"column":56}},"6":{"start":{"line":6,"column":0},"end":{"line":6,"column":58}},"7":{"start":{"line":7,"column":0},"end":{"line":7,"column":58}},"8":{"start":{"line":8,"column":0},"end":{"line":8,"column":68}},"9":{"start":{"line":10,"column":0},"end":{"line":10,"column":51}},"10":{"start":{"line":12,"column":0},"end":{"line":12,"column":8}},"11":{"start":{"line":13,"column":0},"end":{"line":13,"column":10}},"12":{"start":{"line":14,"column":0},"end":{"line":14,"column":21}},"13":{"start":{"line":16,"column":0},"end":{"line":39,"column":2}},"14":{"start":{"line":41,"column":0},"end":{"line":222,"column":3}},"15":{"start":{"line":43,"column":2},"end":{"line":73,"column":5}},"16":{"start":{"line":45,"column":4},"end":{"line":50,"column":18}},"17":{"start":{"line":52,"column":4},"end":{"line":72,"column":7}},"18":{"start":{"line":53,"column":6},"end":{"line":71,"column":9}},"19":{"start":{"line":57,"column":8},"end":{"line":61,"column":9}},"20":{"start":{"line":58,"column":10},"end":{"line":58,"column":44}},"21":{"start":{"line":60,"column":10},"end":{"line":60,"column":24}},"22":{"start":{"line":64,"column":8},"end":{"line":64,"column":42}},"23":{"start":{"line":65,"column":8},"end":{"line":67,"column":9}},"24":{"start":{"line":66,"column":10},"end":{"line":66,"column":17}},"25":{"start":{"line":70,"column":8},"end":{"line":70,"column":18}},"26":{"start":{"line":75,"column":2},"end":{"line":106,"column":5}},"27":{"start":{"line":76,"column":4},"end":{"line":86,"column":7}},"28":{"start":{"line":82,"column":6},"end":{"line":82,"column":21}},"29":{"start":{"line":85,"column":6},"end":{"line":85,"column":16}},"30":{"start":{"line":88,"column":4},"end":{"line":105,"column":7}},"31":{"start":{"line":89,"column":6},"end":{"line":104,"column":9}},"32":{"start":{"line":93,"column":8},"end":{"line":95,"column":9}},"33":{"start":{"line":94,"column":10},"end":{"line":94,"column":34}},"34":{"start":{"line":98,"column":8},"end":{"line":100,"column":9}},"35":{"start":{"line":99,"column":10},"end":{"line":99,"column":17}},"36":{"start":{"line":103,"column":8},"end":{"line":103,"column":18}},"37":{"start":{"line":108,"column":2},"end":{"line":129,"column":5}},"38":{"start":{"line":109,"column":4},"end":{"line":128,"column":7}},"39":{"start":{"line":120,"column":6},"end":{"line":122,"column":7}},"40":{"start":{"line":121,"column":8},"end":{"line":121,"column":18}},"41":{"start":{"line":123,"column":6},"end":{"line":123,"column":36}},"42":{"start":{"line":124,"column":6},"end":{"line":124,"column":30}},"43":{"start":{"line":125,"column":6},"end":{"line":125,"column":50}},"44":{"start":{"line":126,"column":6},"end":{"line":126,"column":27}},"45":{"start":{"line":127,"column":6},"end":{"line":127,"column":13}},"46":{"start":{"line":131,"column":2},"end":{"line":131,"column":31}},"47":{"start":{"line":133,"column":2},"end":{"line":152,"column":5}},"48":{"start":{"line":134,"column":4},"end":{"line":151,"column":7}},"49":{"start":{"line":145,"column":6},"end":{"line":147,"column":7}},"50":{"start":{"line":146,"column":8},"end":{"line":146,"column":18}},"51":{"start":{"line":148,"column":6},"end":{"line":148,"column":36}},"52":{"start":{"line":149,"column":6},"end":{"line":149,"column":69}},"53":{"start":{"line":150,"column":6},"end":{"line":150,"column":13}},"54":{"start":{"line":154,"column":2},"end":{"line":154,"column":53}},"55":{"start":{"line":156,"column":2},"end":{"line":174,"column":5}},"56":{"start":{"line":158,"column":4},"end":{"line":158,"column":51}},"57":{"start":{"line":160,"column":4},"end":{"line":173,"column":7}},"58":{"start":{"line":168,"column":6},"end":{"line":170,"column":7}},"59":{"start":{"line":169,"column":8},"end":{"line":169,"column":18}},"60":{"start":{"line":171,"column":6},"end":{"line":171,"column":43}},"61":{"start":{"line":172,"column":6},"end":{"line":172,"column":13}},"62":{"start":{"line":176,"column":2},"end":{"line":190,"column":5}},"63":{"start":{"line":178,"column":4},"end":{"line":189,"column":7}},"64":{"start":{"line":184,"column":6},"end":{"line":184,"column":42}},"65":{"start":{"line":185,"column":6},"end":{"line":185,"column":13}},"66":{"start":{"line":188,"column":6},"end":{"line":188,"column":16}},"67":{"start":{"line":192,"column":2},"end":{"line":220,"column":5}},"68":{"start":{"line":194,"column":4},"end":{"line":194,"column":56}},"69":{"start":{"line":196,"column":4},"end":{"line":219,"column":7}},"70":{"start":{"line":204,"column":6},"end":{"line":206,"column":7}},"71":{"start":{"line":205,"column":8},"end":{"line":205,"column":18}},"72":{"start":{"line":207,"column":6},"end":{"line":218,"column":9}},"73":{"start":{"line":213,"column":8},"end":{"line":213,"column":43}},"74":{"start":{"line":214,"column":8},"end":{"line":214,"column":15}},"75":{"start":{"line":217,"column":8},"end":{"line":217,"column":18}}},"branchMap":{"1":{"line":45,"type":"cond-expr","locations":[{"start":{"line":46,"column":10},"end":{"line":46,"column":28}},{"start":{"line":47,"column":10},"end":{"line":47,"column":24}}]},"2":{"line":57,"type":"if","locations":[{"start":{"line":57,"column":8},"end":{"line":57,"column":8}},{"start":{"line":57,"column":8},"end":{"line":57,"column":8}}]},"3":{"line":65,"type":"if","locations":[{"start":{"line":65,"column":8},"end":{"line":65,"column":8}},{"start":{"line":65,"column":8},"end":{"line":65,"column":8}}]},"4":{"line":93,"type":"if","locations":[{"start":{"line":93,"column":8},"end":{"line":93,"column":8}},{"start":{"line":93,"column":8},"end":{"line":93,"column":8}}]},"5":{"line":98,"type":"if","locations":[{"start":{"line":98,"column":8},"end":{"line":98,"column":8}},{"start":{"line":98,"column":8},"end":{"line":98,"column":8}}]},"6":{"line":120,"type":"if","locations":[{"start":{"line":120,"column":6},"end":{"line":120,"column":6}},{"start":{"line":120,"column":6},"end":{"line":120,"column":6}}]},"7":{"line":145,"type":"if","locations":[{"start":{"line":145,"column":6},"end":{"line":145,"column":6}},{"start":{"line":145,"column":6},"end":{"line":145,"column":6}}]},"8":{"line":168,"type":"if","locations":[{"start":{"line":168,"column":6},"end":{"line":168,"column":6}},{"start":{"line":168,"column":6},"end":{"line":168,"column":6}}]},"9":{"line":204,"type":"if","locations":[{"start":{"line":204,"column":6},"end":{"line":204,"column":6}},{"start":{"line":204,"column":6},"end":{"line":204,"column":6}}]}}},"/Users/danch/Documents/04_hackreactor/Dinder/server/database/models/user.js":{"path":"/Users/danch/Documents/04_hackreactor/Dinder/server/database/models/user.js","s":{"1":1,"2":1,"3":1,"4":1,"5":0,"6":0,"7":0,"8":0,"9":0,"10":0,"11":1,"12":2,"13":2,"14":0,"15":2,"16":2,"17":1},"b":{"1":[0,0],"2":[0,2]},"f":{"1":0,"2":0,"3":2,"4":2},"fnMap":{"1":{"name":"(anonymous_1)","line":16,"loc":{"start":{"line":16,"column":23},"end":{"line":16,"column":59}}},"2":{"name":"(anonymous_2)","line":19,"loc":{"start":{"line":19,"column":40},"end":{"line":19,"column":61}}},"3":{"name":"(anonymous_3)","line":30,"loc":{"start":{"line":30,"column":18},"end":{"line":30,"column":53}}},"4":{"name":"(anonymous_4)","line":31,"loc":{"start":{"line":31,"column":41},"end":{"line":31,"column":61}}}},"statementMap":{"1":{"start":{"line":1,"column":0},"end":{"line":1,"column":37}},"2":{"start":{"line":2,"column":0},"end":{"line":2,"column":43}},"3":{"start":{"line":4,"column":0},"end":{"line":4,"column":38}},"4":{"start":{"line":6,"column":0},"end":{"line":28,"column":2}},"5":{"start":{"line":17,"column":8},"end":{"line":17,"column":42}},"6":{"start":{"line":18,"column":8},"end":{"line":18,"column":36}},"7":{"start":{"line":19,"column":8},"end":{"line":24,"column":11}},"8":{"start":{"line":20,"column":10},"end":{"line":22,"column":11}},"9":{"start":{"line":21,"column":12},"end":{"line":21,"column":33}},"10":{"start":{"line":23,"column":10},"end":{"line":23,"column":32}},"11":{"start":{"line":30,"column":0},"end":{"line":36,"column":3}},"12":{"start":{"line":31,"column":2},"end":{"line":35,"column":5}},"13":{"start":{"line":32,"column":4},"end":{"line":32,"column":38}},"14":{"start":{"line":32,"column":15},"end":{"line":32,"column":36}},"15":{"start":{"line":33,"column":4},"end":{"line":33,"column":25}},"16":{"start":{"line":34,"column":4},"end":{"line":34,"column":32}},"17":{"start":{"line":38,"column":0},"end":{"line":38,"column":22}}},"branchMap":{"1":{"line":20,"type":"if","locations":[{"start":{"line":20,"column":10},"end":{"line":20,"column":10}},{"start":{"line":20,"column":10},"end":{"line":20,"column":10}}]},"2":{"line":32,"type":"if","locations":[{"start":{"line":32,"column":4},"end":{"line":32,"column":4}},{"start":{"line":32,"column":4},"end":{"line":32,"column":4}}]}}},"/Users/danch/Documents/04_hackreactor/Dinder/server/database/models/photo.js":{"path":"/Users/danch/Documents/04_hackreactor/Dinder/server/database/models/photo.js","s":{"1":1,"2":1,"3":1,"4":1},"b":{},"f":{},"fnMap":{},"statementMap":{"1":{"start":{"line":1,"column":0},"end":{"line":1,"column":37}},"2":{"start":{"line":2,"column":0},"end":{"line":2,"column":43}},"3":{"start":{"line":4,"column":0},"end":{"line":7,"column":3}},"4":{"start":{"line":10,"column":0},"end":{"line":10,"column":23}}},"branchMap":{}},"/Users/danch/Documents/04_hackreactor/Dinder/server/database/models/place.js":{"path":"/Users/danch/Documents/04_hackreactor/Dinder/server/database/models/place.js","s":{"1":1,"2":1,"3":1,"4":1},"b":{},"f":{},"fnMap":{},"statementMap":{"1":{"start":{"line":1,"column":0},"end":{"line":1,"column":37}},"2":{"start":{"line":2,"column":0},"end":{"line":2,"column":43}},"3":{"start":{"line":4,"column":0},"end":{"line":15,"column":3}},"4":{"start":{"line":18,"column":0},"end":{"line":18,"column":23}}},"branchMap":{}},"/Users/danch/Documents/04_hackreactor/Dinder/server/database/models/userPhotos.js":{"path":"/Users/danch/Documents/04_hackreactor/Dinder/server/database/models/userPhotos.js","s":{"1":1,"2":1,"3":1,"4":1},"b":{},"f":{},"fnMap":{},"statementMap":{"1":{"start":{"line":1,"column":0},"end":{"line":1,"column":37}},"2":{"start":{"line":2,"column":0},"end":{"line":2,"column":43}},"3":{"start":{"line":4,"column":0},"end":{"line":10,"column":3}},"4":{"start":{"line":12,"column":0},"end":{"line":12,"column":28}}},"branchMap":{}},"/Users/danch/Documents/04_hackreactor/Dinder/server/database/joins.js":{"path":"/Users/danch/Documents/04_hackreactor/Dinder/server/database/joins.js","s":{"1":1,"2":1,"3":1,"4":1,"5":1,"6":1,"7":1,"8":1,"9":1,"10":1,"11":1,"12":1,"13":1},"b":{},"f":{"1":1},"fnMap":{"1":{"name":"(anonymous_1)","line":9,"loc":{"start":{"line":9,"column":17},"end":{"line":9,"column":39}}}},"statementMap":{"1":{"start":{"line":1,"column":0},"end":{"line":1,"column":39}},"2":{"start":{"line":2,"column":0},"end":{"line":2,"column":41}},"3":{"start":{"line":3,"column":0},"end":{"line":3,"column":41}},"4":{"start":{"line":4,"column":0},"end":{"line":4,"column":47}},"5":{"start":{"line":5,"column":0},"end":{"line":5,"column":51}},"6":{"start":{"line":6,"column":0},"end":{"line":6,"column":53}},"7":{"start":{"line":9,"column":0},"end":{"line":31,"column":2}},"8":{"start":{"line":11,"column":2},"end":{"line":13,"column":5}},"9":{"start":{"line":15,"column":2},"end":{"line":17,"column":5}},"10":{"start":{"line":19,"column":2},"end":{"line":21,"column":5}},"11":{"start":{"line":23,"column":2},"end":{"line":25,"column":5}},"12":{"start":{"line":28,"column":2},"end":{"line":28,"column":23}},"13":{"start":{"line":29,"column":2},"end":{"line":29,"column":26}}},"branchMap":{}},"/Users/danch/Documents/04_hackreactor/Dinder/server/database/models/category.js":{"path":"/Users/danch/Documents/04_hackreactor/Dinder/server/database/models/category.js","s":{"1":1,"2":1,"3":1,"4":1},"b":{},"f":{},"fnMap":{},"statementMap":{"1":{"start":{"line":1,"column":0},"end":{"line":1,"column":37}},"2":{"start":{"line":2,"column":0},"end":{"line":2,"column":43}},"3":{"start":{"line":4,"column":0},"end":{"line":7,"column":3}},"4":{"start":{"line":10,"column":0},"end":{"line":10,"column":26}}},"branchMap":{}},"/Users/danch/Documents/04_hackreactor/Dinder/server/database/models/userRatings.js":{"path":"/Users/danch/Documents/04_hackreactor/Dinder/server/database/models/userRatings.js","s":{"1":1,"2":1,"3":1,"4":1},"b":{},"f":{},"fnMap":{},"statementMap":{"1":{"start":{"line":1,"column":0},"end":{"line":1,"column":37}},"2":{"start":{"line":2,"column":0},"end":{"line":2,"column":43}},"3":{"start":{"line":4,"column":0},"end":{"line":6,"column":3}},"4":{"start":{"line":8,"column":0},"end":{"line":8,"column":29}}},"branchMap":{}},"/Users/danch/Documents/04_hackreactor/Dinder/spec/models.js":{"path":"/Users/danch/Documents/04_hackreactor/Dinder/spec/models.js","s":{"1":1,"2":1,"3":1,"4":1,"5":1,"6":1,"7":1,"8":1,"9":1,"10":1,"11":4,"12":4,"13":4,"14":4,"15":1,"16":0,"17":1,"18":1,"19":4,"20":4,"21":4,"22":4,"23":1,"24":0,"25":1,"26":1,"27":1,"28":1,"29":0,"30":1,"31":1,"32":1,"33":1,"34":1,"35":1,"36":1,"37":1,"38":0,"39":1,"40":1,"41":1,"42":1,"43":0,"44":1,"45":1,"46":1,"47":1,"48":0},"b":{"1":[4,0],"2":[1,3],"3":[4,0],"4":[1,3]},"f":{"1":1,"2":1,"3":4,"4":4,"5":4,"6":0,"7":1,"8":4,"9":4,"10":4,"11":0,"12":1,"13":1,"14":0,"15":1,"16":1,"17":1,"18":1,"19":0,"20":1,"21":1,"22":0,"23":1,"24":1,"25":0},"fnMap":{"1":{"name":"(anonymous_1)","line":36,"loc":{"start":{"line":36,"column":28},"end":{"line":36,"column":40}}},"2":{"name":"(anonymous_2)","line":38,"loc":{"start":{"line":38,"column":9},"end":{"line":38,"column":31}}},"3":{"name":"(anonymous_3)","line":39,"loc":{"start":{"line":39,"column":19},"end":{"line":39,"column":35}}},"4":{"name":"(anonymous_4)","line":43,"loc":{"start":{"line":43,"column":12},"end":{"line":43,"column":30}}},"5":{"name":"(anonymous_5)","line":48,"loc":{"start":{"line":48,"column":12},"end":{"line":48,"column":24}}},"6":{"name":"(anonymous_6)","line":53,"loc":{"start":{"line":53,"column":13},"end":{"line":53,"column":28}}},"7":{"name":"(anonymous_7)","line":59,"loc":{"start":{"line":59,"column":8},"end":{"line":59,"column":24}}},"8":{"name":"(anonymous_8)","line":60,"loc":{"start":{"line":60,"column":19},"end":{"line":60,"column":35}}},"9":{"name":"(anonymous_9)","line":64,"loc":{"start":{"line":64,"column":12},"end":{"line":64,"column":30}}},"10":{"name":"(anonymous_10)","line":69,"loc":{"start":{"line":69,"column":12},"end":{"line":69,"column":24}}},"11":{"name":"(anonymous_11)","line":74,"loc":{"start":{"line":74,"column":13},"end":{"line":74,"column":28}}},"12":{"name":"(anonymous_12)","line":80,"loc":{"start":{"line":80,"column":36},"end":{"line":80,"column":52}}},"13":{"name":"(anonymous_13)","line":87,"loc":{"start":{"line":87,"column":10},"end":{"line":87,"column":28}}},"14":{"name":"(anonymous_14)","line":91,"loc":{"start":{"line":91,"column":11},"end":{"line":91,"column":26}}},"15":{"name":"(anonymous_15)","line":97,"loc":{"start":{"line":97,"column":50},"end":{"line":97,"column":66}}},"16":{"name":"(anonymous_16)","line":102,"loc":{"start":{"line":102,"column":11},"end":{"line":102,"column":26}}},"17":{"name":"(anonymous_17)","line":109,"loc":{"start":{"line":109,"column":37},"end":{"line":109,"column":53}}},"18":{"name":"(anonymous_18)","line":116,"loc":{"start":{"line":116,"column":10},"end":{"line":116,"column":28}}},"19":{"name":"(anonymous_19)","line":120,"loc":{"start":{"line":120,"column":11},"end":{"line":120,"column":26}}},"20":{"name":"(anonymous_20)","line":125,"loc":{"start":{"line":125,"column":37},"end":{"line":125,"column":53}}},"21":{"name":"(anonymous_21)","line":132,"loc":{"start":{"line":132,"column":10},"end":{"line":132,"column":28}}},"22":{"name":"(anonymous_22)","line":136,"loc":{"start":{"line":136,"column":11},"end":{"line":136,"column":26}}},"23":{"name":"(anonymous_23)","line":141,"loc":{"start":{"line":141,"column":40},"end":{"line":141,"column":56}}},"24":{"name":"(anonymous_24)","line":148,"loc":{"start":{"line":148,"column":10},"end":{"line":148,"column":28}}},"25":{"name":"(anonymous_25)","line":152,"loc":{"start":{"line":152,"column":11},"end":{"line":152,"column":26}}}},"statementMap":{"1":{"start":{"line":1,"column":0},"end":{"line":1,"column":36}},"2":{"start":{"line":2,"column":0},"end":{"line":2,"column":59}},"3":{"start":{"line":3,"column":0},"end":{"line":3,"column":56}},"4":{"start":{"line":4,"column":0},"end":{"line":4,"column":58}},"5":{"start":{"line":5,"column":0},"end":{"line":5,"column":58}},"6":{"start":{"line":6,"column":0},"end":{"line":6,"column":64}},"7":{"start":{"line":9,"column":0},"end":{"line":34,"column":2}},"8":{"start":{"line":36,"column":0},"end":{"line":156,"column":3}},"9":{"start":{"line":38,"column":2},"end":{"line":57,"column":5}},"10":{"start":{"line":39,"column":4},"end":{"line":56,"column":7}},"11":{"start":{"line":40,"column":6},"end":{"line":55,"column":9}},"12":{"start":{"line":44,"column":8},"end":{"line":46,"column":9}},"13":{"start":{"line":45,"column":10},"end":{"line":45,"column":44}},"14":{"start":{"line":49,"column":8},"end":{"line":51,"column":9}},"15":{"start":{"line":50,"column":10},"end":{"line":50,"column":17}},"16":{"start":{"line":54,"column":8},"end":{"line":54,"column":18}},"17":{"start":{"line":59,"column":2},"end":{"line":78,"column":5}},"18":{"start":{"line":60,"column":4},"end":{"line":77,"column":7}},"19":{"start":{"line":61,"column":6},"end":{"line":76,"column":9}},"20":{"start":{"line":65,"column":8},"end":{"line":67,"column":9}},"21":{"start":{"line":66,"column":10},"end":{"line":66,"column":34}},"22":{"start":{"line":70,"column":8},"end":{"line":72,"column":9}},"23":{"start":{"line":71,"column":10},"end":{"line":71,"column":17}},"24":{"start":{"line":75,"column":8},"end":{"line":75,"column":15}},"25":{"start":{"line":80,"column":2},"end":{"line":95,"column":5}},"26":{"start":{"line":82,"column":4},"end":{"line":93,"column":7}},"27":{"start":{"line":88,"column":6},"end":{"line":88,"column":30}},"28":{"start":{"line":89,"column":6},"end":{"line":89,"column":13}},"29":{"start":{"line":92,"column":6},"end":{"line":92,"column":16}},"30":{"start":{"line":97,"column":2},"end":{"line":107,"column":5}},"31":{"start":{"line":99,"column":4},"end":{"line":105,"column":7}},"32":{"start":{"line":103,"column":6},"end":{"line":103,"column":27}},"33":{"start":{"line":104,"column":6},"end":{"line":104,"column":13}},"34":{"start":{"line":109,"column":2},"end":{"line":123,"column":5}},"35":{"start":{"line":111,"column":4},"end":{"line":122,"column":7}},"36":{"start":{"line":117,"column":6},"end":{"line":117,"column":30}},"37":{"start":{"line":118,"column":6},"end":{"line":118,"column":13}},"38":{"start":{"line":121,"column":6},"end":{"line":121,"column":16}},"39":{"start":{"line":125,"column":2},"end":{"line":139,"column":5}},"40":{"start":{"line":127,"column":4},"end":{"line":138,"column":7}},"41":{"start":{"line":133,"column":6},"end":{"line":133,"column":30}},"42":{"start":{"line":134,"column":6},"end":{"line":134,"column":13}},"43":{"start":{"line":137,"column":6},"end":{"line":137,"column":16}},"44":{"start":{"line":141,"column":2},"end":{"line":155,"column":5}},"45":{"start":{"line":143,"column":4},"end":{"line":154,"column":7}},"46":{"start":{"line":149,"column":6},"end":{"line":149,"column":30}},"47":{"start":{"line":150,"column":6},"end":{"line":150,"column":13}},"48":{"start":{"line":153,"column":6},"end":{"line":153,"column":16}}},"branchMap":{"1":{"line":44,"type":"if","locations":[{"start":{"line":44,"column":8},"end":{"line":44,"column":8}},{"start":{"line":44,"column":8},"end":{"line":44,"column":8}}]},"2":{"line":49,"type":"if","locations":[{"start":{"line":49,"column":8},"end":{"line":49,"column":8}},{"start":{"line":49,"column":8},"end":{"line":49,"column":8}}]},"3":{"line":65,"type":"if","locations":[{"start":{"line":65,"column":8},"end":{"line":65,"column":8}},{"start":{"line":65,"column":8},"end":{"line":65,"column":8}}]},"4":{"line":70,"type":"if","locations":[{"start":{"line":70,"column":8},"end":{"line":70,"column":8}},{"start":{"line":70,"column":8},"end":{"line":70,"column":8}}]}}}}