TN:
SF:/Users/danch/Documents/04_hackreactor/Dinder/config.js
FNF:0
FNH:0
DA:3,1
DA:4,1
DA:7,1
LF:3
LH:3
BRDA:3,0,0,1
BRDA:3,0,1,0
BRDA:15,1,0,1
BRDA:15,1,1,1
BRDA:16,2,0,1
BRDA:16,2,1,1
BRDA:17,3,0,1
BRDA:17,3,1,1
BRDA:19,4,0,1
BRDA:19,4,1,1
BRDA:20,5,0,1
BRDA:20,5,1,1
BRDA:21,6,0,1
BRDA:21,6,1,1
BRDA:22,7,0,1
BRDA:22,7,1,1
BRDA:23,8,0,1
BRDA:23,8,1,1
BRDA:24,9,0,1
BRDA:24,9,1,1
BRDA:25,10,0,1
BRDA:25,10,1,1
BRDA:26,11,0,1
BRDA:26,11,1,1
BRDA:27,12,0,1
BRDA:27,12,1,1
BRF:26
BRH:25
end_of_record
TN:
SF:/Users/danch/Documents/04_hackreactor/Dinder/server/database/database.js
FNF:0
FNH:0
DA:1,1
DA:2,1
DA:4,1
DA:24,1
LF:4
LH:4
BRF:0
BRH:0
end_of_record
TN:
SF:/Users/danch/Documents/04_hackreactor/Dinder/server/database/joins.js
FN:9,(anonymous_0)
FNF:1
FNH:1
FNDA:1,(anonymous_0)
DA:1,1
DA:2,1
DA:3,1
DA:4,1
DA:5,1
DA:6,1
DA:9,1
DA:11,1
DA:15,1
DA:19,1
DA:23,1
DA:28,1
DA:29,1
LF:13
LH:13
BRF:0
BRH:0
end_of_record
TN:
SF:/Users/danch/Documents/04_hackreactor/Dinder/server/database/models/category.js
FNF:0
FNH:0
DA:1,1
DA:2,1
DA:4,1
DA:10,1
LF:4
LH:4
BRF:0
BRH:0
end_of_record
TN:
SF:/Users/danch/Documents/04_hackreactor/Dinder/server/database/models/photo.js
FNF:0
FNH:0
DA:1,1
DA:2,1
DA:4,1
DA:10,1
LF:4
LH:4
BRF:0
BRH:0
end_of_record
TN:
SF:/Users/danch/Documents/04_hackreactor/Dinder/server/database/models/place.js
FNF:0
FNH:0
DA:1,1
DA:2,1
DA:4,1
DA:18,1
LF:4
LH:4
BRF:0
BRH:0
end_of_record
TN:
SF:/Users/danch/Documents/04_hackreactor/Dinder/server/database/models/user.js
FN:16,(anonymous_0)
FN:19,(anonymous_1)
FN:30,(anonymous_2)
FN:31,(anonymous_3)
FNF:4
FNH:2
FNDA:0,(anonymous_0)
FNDA:0,(anonymous_1)
FNDA:2,(anonymous_2)
FNDA:2,(anonymous_3)
DA:1,1
DA:2,1
DA:4,1
DA:6,1
DA:17,0
DA:18,0
DA:19,0
DA:20,0
DA:21,0
DA:23,0
DA:30,1
DA:31,2
DA:32,2
DA:33,2
DA:34,2
DA:38,1
LF:16
LH:10
BRDA:20,0,0,0
BRDA:20,0,1,0
BRDA:32,1,0,0
BRDA:32,1,1,2
BRF:4
BRH:1
end_of_record
TN:
SF:/Users/danch/Documents/04_hackreactor/Dinder/server/database/models/userPhotos.js
FNF:0
FNH:0
DA:1,1
DA:2,1
DA:4,1
DA:12,1
LF:4
LH:4
BRF:0
BRH:0
end_of_record
TN:
SF:/Users/danch/Documents/04_hackreactor/Dinder/server/database/models/userRatings.js
FNF:0
FNH:0
DA:1,1
DA:2,1
DA:4,1
DA:8,1
LF:4
LH:4
BRF:0
BRH:0
end_of_record
TN:
SF:/Users/danch/Documents/04_hackreactor/Dinder/spec/connections.js
FN:8,(anonymous_0)
FN:9,(anonymous_1)
FN:18,(anonymous_2)
FN:19,(anonymous_3)
FN:28,(anonymous_4)
FN:29,(anonymous_5)
FN:40,(anonymous_6)
FN:41,(anonymous_7)
FN:43,(anonymous_8)
FN:46,(anonymous_9)
FNF:10
FNH:9
FNDA:1,(anonymous_0)
FNDA:1,(anonymous_1)
FNDA:1,(anonymous_2)
FNDA:1,(anonymous_3)
FNDA:1,(anonymous_4)
FNDA:1,(anonymous_5)
FNDA:1,(anonymous_6)
FNDA:1,(anonymous_7)
FNDA:1,(anonymous_8)
FNDA:0,(anonymous_9)
DA:1,1
DA:2,1
DA:3,1
DA:4,1
DA:8,1
DA:9,1
DA:10,1
DA:18,1
DA:19,1
DA:20,1
DA:21,0
DA:23,1
DA:24,1
DA:28,1
DA:29,1
DA:30,1
DA:31,0
DA:33,1
DA:34,1
DA:35,1
DA:40,1
DA:41,1
DA:42,1
DA:44,1
DA:47,0
LF:25
LH:22
BRDA:10,0,0,1
BRDA:10,0,1,0
BRDA:20,1,0,0
BRDA:20,1,1,1
BRDA:30,2,0,0
BRDA:30,2,1,1
BRF:6
BRH:3
end_of_record
TN:
SF:/Users/danch/Documents/04_hackreactor/Dinder/spec/handlers.js
FN:41,(anonymous_0)
FN:43,(anonymous_1)
FN:52,(anonymous_2)
FN:56,(anonymous_3)
FN:63,(anonymous_4)
FN:69,(anonymous_5)
FN:75,(anonymous_6)
FN:81,(anonymous_7)
FN:84,(anonymous_8)
FN:88,(anonymous_9)
FN:92,(anonymous_10)
FN:97,(anonymous_11)
FN:102,(anonymous_12)
FN:108,(anonymous_13)
FN:119,(anonymous_14)
FN:133,(anonymous_15)
FN:144,(anonymous_16)
FN:156,(anonymous_17)
FN:167,(anonymous_18)
FN:176,(anonymous_19)
FN:183,(anonymous_20)
FN:187,(anonymous_21)
FN:192,(anonymous_22)
FN:203,(anonymous_23)
FN:212,(anonymous_24)
FN:216,(anonymous_25)
FNF:26
FNH:21
FNDA:1,(anonymous_0)
FNDA:1,(anonymous_1)
FNDA:2,(anonymous_2)
FNDA:2,(anonymous_3)
FNDA:2,(anonymous_4)
FNDA:0,(anonymous_5)
FNDA:1,(anonymous_6)
FNDA:1,(anonymous_7)
FNDA:0,(anonymous_8)
FNDA:2,(anonymous_9)
FNDA:2,(anonymous_10)
FNDA:2,(anonymous_11)
FNDA:0,(anonymous_12)
FNDA:1,(anonymous_13)
FNDA:1,(anonymous_14)
FNDA:1,(anonymous_15)
FNDA:1,(anonymous_16)
FNDA:1,(anonymous_17)
FNDA:1,(anonymous_18)
FNDA:1,(anonymous_19)
FNDA:1,(anonymous_20)
FNDA:0,(anonymous_21)
FNDA:1,(anonymous_22)
FNDA:1,(anonymous_23)
FNDA:1,(anonymous_24)
FNDA:0,(anonymous_25)
DA:1,1
DA:2,1
DA:3,1
DA:4,1
DA:5,1
DA:6,1
DA:7,1
DA:8,1
DA:10,1
DA:14,1
DA:16,1
DA:41,1
DA:43,1
DA:45,1
DA:52,1
DA:53,2
DA:57,2
DA:58,2
DA:60,0
DA:64,2
DA:65,2
DA:66,1
DA:70,0
DA:75,1
DA:76,1
DA:82,1
DA:85,0
DA:88,1
DA:89,2
DA:93,2
DA:94,2
DA:98,2
DA:99,1
DA:103,0
DA:108,1
DA:109,1
DA:120,1
DA:121,0
DA:123,1
DA:124,1
DA:125,1
DA:126,1
DA:127,1
DA:131,1
DA:133,1
DA:134,1
DA:145,1
DA:146,0
DA:148,1
DA:149,1
DA:150,1
DA:154,1
DA:156,1
DA:158,1
DA:160,1
DA:168,1
DA:169,0
DA:171,1
DA:172,1
DA:176,1
DA:178,1
DA:184,1
DA:185,1
DA:188,0
DA:192,1
DA:194,1
DA:196,1
DA:204,1
DA:205,0
DA:207,1
DA:213,1
DA:214,1
DA:217,0
LF:73
LH:63
BRDA:45,0,0,1
BRDA:45,0,1,0
BRDA:57,1,0,2
BRDA:57,1,1,0
BRDA:65,2,0,1
BRDA:65,2,1,1
BRDA:93,3,0,2
BRDA:93,3,1,0
BRDA:98,4,0,1
BRDA:98,4,1,1
BRDA:120,5,0,0
BRDA:120,5,1,1
BRDA:145,6,0,0
BRDA:145,6,1,1
BRDA:168,7,0,0
BRDA:168,7,1,1
BRDA:204,8,0,0
BRDA:204,8,1,1
BRF:18
BRH:11
end_of_record
TN:
SF:/Users/danch/Documents/04_hackreactor/Dinder/spec/models.js
FN:36,(anonymous_0)
FN:38,(anonymous_1)
FN:39,(anonymous_2)
FN:43,(anonymous_3)
FN:48,(anonymous_4)
FN:53,(anonymous_5)
FN:59,(anonymous_6)
FN:60,(anonymous_7)
FN:64,(anonymous_8)
FN:69,(anonymous_9)
FN:74,(anonymous_10)
FN:80,(anonymous_11)
FN:87,(anonymous_12)
FN:91,(anonymous_13)
FN:97,(anonymous_14)
FN:102,(anonymous_15)
FN:109,(anonymous_16)
FN:116,(anonymous_17)
FN:120,(anonymous_18)
FN:125,(anonymous_19)
FN:132,(anonymous_20)
FN:136,(anonymous_21)
FN:141,(anonymous_22)
FN:148,(anonymous_23)
FN:152,(anonymous_24)
FNF:25
FNH:19
FNDA:1,(anonymous_0)
FNDA:1,(anonymous_1)
FNDA:4,(anonymous_2)
FNDA:4,(anonymous_3)
FNDA:4,(anonymous_4)
FNDA:0,(anonymous_5)
FNDA:1,(anonymous_6)
FNDA:4,(anonymous_7)
FNDA:4,(anonymous_8)
FNDA:4,(anonymous_9)
FNDA:0,(anonymous_10)
FNDA:1,(anonymous_11)
FNDA:1,(anonymous_12)
FNDA:0,(anonymous_13)
FNDA:1,(anonymous_14)
FNDA:1,(anonymous_15)
FNDA:1,(anonymous_16)
FNDA:1,(anonymous_17)
FNDA:0,(anonymous_18)
FNDA:1,(anonymous_19)
FNDA:1,(anonymous_20)
FNDA:0,(anonymous_21)
FNDA:1,(anonymous_22)
FNDA:1,(anonymous_23)
FNDA:0,(anonymous_24)
DA:1,1
DA:2,1
DA:3,1
DA:4,1
DA:5,1
DA:6,1
DA:9,1
DA:36,1
DA:38,1
DA:39,1
DA:40,4
DA:44,4
DA:45,4
DA:49,4
DA:50,1
DA:54,0
DA:59,1
DA:60,1
DA:61,4
DA:65,4
DA:66,4
DA:70,4
DA:71,1
DA:75,0
DA:80,1
DA:82,1
DA:88,1
DA:89,1
DA:92,0
DA:97,1
DA:99,1
DA:103,1
DA:104,1
DA:109,1
DA:111,1
DA:117,1
DA:118,1
DA:121,0
DA:125,1
DA:127,1
DA:133,1
DA:134,1
DA:137,0
DA:141,1
DA:143,1
DA:149,1
DA:150,1
DA:153,0
LF:48
LH:42
BRDA:44,0,0,4
BRDA:44,0,1,0
BRDA:49,1,0,1
BRDA:49,1,1,3
BRDA:65,2,0,4
BRDA:65,2,1,0
BRDA:70,3,0,1
BRDA:70,3,1,3
BRF:8
BRH:6
end_of_record
